  Source.cpp
C:\Users\dvlas\OneDrive - Atlantic TU\2nd Year\Procedural Programming 2\LabExam1\LabExam1\Source.cpp(25,1): warning C4326: return type of 'main' should be 'int' instead of 'void'
C:\Users\dvlas\OneDrive - Atlantic TU\2nd Year\Procedural Programming 2\LabExam1\LabExam1\Source.cpp(27,7): warning C4996: 'fopen': This function or variable may be unsafe. Consider using fopen_s instead. To disable deprecation, use _CRT_SECURE_NO_WARNINGS. See online help for details.
C:\Users\dvlas\OneDrive - Atlantic TU\2nd Year\Procedural Programming 2\LabExam1\LabExam1\Source.cpp(32,2): warning C4996: 'scanf': This function or variable may be unsafe. Consider using scanf_s instead. To disable deprecation, use _CRT_SECURE_NO_WARNINGS. See online help for details.
C:\Users\dvlas\OneDrive - Atlantic TU\2nd Year\Procedural Programming 2\LabExam1\LabExam1\Source.cpp(44,3): warning C4996: 'scanf': This function or variable may be unsafe. Consider using scanf_s instead. To disable deprecation, use _CRT_SECURE_NO_WARNINGS. See online help for details.
C:\Users\dvlas\OneDrive - Atlantic TU\2nd Year\Procedural Programming 2\LabExam1\LabExam1\Source.cpp(79,3): warning C4996: 'scanf': This function or variable may be unsafe. Consider using scanf_s instead. To disable deprecation, use _CRT_SECURE_NO_WARNINGS. See online help for details.
C:\Users\dvlas\OneDrive - Atlantic TU\2nd Year\Procedural Programming 2\LabExam1\LabExam1\Source.cpp(81,3): warning C4996: 'scanf': This function or variable may be unsafe. Consider using scanf_s instead. To disable deprecation, use _CRT_SECURE_NO_WARNINGS. See online help for details.
C:\Users\dvlas\OneDrive - Atlantic TU\2nd Year\Procedural Programming 2\LabExam1\LabExam1\Source.cpp(83,3): warning C4996: 'scanf': This function or variable may be unsafe. Consider using scanf_s instead. To disable deprecation, use _CRT_SECURE_NO_WARNINGS. See online help for details.
C:\Users\dvlas\OneDrive - Atlantic TU\2nd Year\Procedural Programming 2\LabExam1\LabExam1\Source.cpp(85,3): warning C4996: 'scanf': This function or variable may be unsafe. Consider using scanf_s instead. To disable deprecation, use _CRT_SECURE_NO_WARNINGS. See online help for details.
C:\Users\dvlas\OneDrive - Atlantic TU\2nd Year\Procedural Programming 2\LabExam1\LabExam1\Source.cpp(87,3): warning C4996: 'scanf': This function or variable may be unsafe. Consider using scanf_s instead. To disable deprecation, use _CRT_SECURE_NO_WARNINGS. See online help for details.
C:\Users\dvlas\OneDrive - Atlantic TU\2nd Year\Procedural Programming 2\LabExam1\LabExam1\Source.cpp(89,3): warning C4996: 'scanf': This function or variable may be unsafe. Consider using scanf_s instead. To disable deprecation, use _CRT_SECURE_NO_WARNINGS. See online help for details.
C:\Users\dvlas\OneDrive - Atlantic TU\2nd Year\Procedural Programming 2\LabExam1\LabExam1\Source.cpp(91,3): warning C4996: 'scanf': This function or variable may be unsafe. Consider using scanf_s instead. To disable deprecation, use _CRT_SECURE_NO_WARNINGS. See online help for details.
C:\Users\dvlas\OneDrive - Atlantic TU\2nd Year\Procedural Programming 2\LabExam1\LabExam1\Source.cpp(93,3): warning C4996: 'scanf': This function or variable may be unsafe. Consider using scanf_s instead. To disable deprecation, use _CRT_SECURE_NO_WARNINGS. See online help for details.
C:\Users\dvlas\OneDrive - Atlantic TU\2nd Year\Procedural Programming 2\LabExam1\LabExam1\Source.cpp(95,3): warning C4996: 'scanf': This function or variable may be unsafe. Consider using scanf_s instead. To disable deprecation, use _CRT_SECURE_NO_WARNINGS. See online help for details.
C:\Users\dvlas\OneDrive - Atlantic TU\2nd Year\Procedural Programming 2\LabExam1\LabExam1\Source.cpp(97,3): warning C4996: 'scanf': This function or variable may be unsafe. Consider using scanf_s instead. To disable deprecation, use _CRT_SECURE_NO_WARNINGS. See online help for details.
C:\Users\dvlas\OneDrive - Atlantic TU\2nd Year\Procedural Programming 2\LabExam1\LabExam1\Source.cpp(113,2): warning C4996: 'scanf': This function or variable may be unsafe. Consider using scanf_s instead. To disable deprecation, use _CRT_SECURE_NO_WARNINGS. See online help for details.
C:\Users\dvlas\OneDrive - Atlantic TU\2nd Year\Procedural Programming 2\LabExam1\LabExam1\Source.cpp(120,4): warning C4996: 'scanf': This function or variable may be unsafe. Consider using scanf_s instead. To disable deprecation, use _CRT_SECURE_NO_WARNINGS. See online help for details.
C:\Users\dvlas\OneDrive - Atlantic TU\2nd Year\Procedural Programming 2\LabExam1\LabExam1\Source.cpp(122,4): warning C4996: 'scanf': This function or variable may be unsafe. Consider using scanf_s instead. To disable deprecation, use _CRT_SECURE_NO_WARNINGS. See online help for details.
C:\Users\dvlas\OneDrive - Atlantic TU\2nd Year\Procedural Programming 2\LabExam1\LabExam1\Source.cpp(124,4): warning C4996: 'scanf': This function or variable may be unsafe. Consider using scanf_s instead. To disable deprecation, use _CRT_SECURE_NO_WARNINGS. See online help for details.
C:\Users\dvlas\OneDrive - Atlantic TU\2nd Year\Procedural Programming 2\LabExam1\LabExam1\Source.cpp(136,2): warning C4996: 'scanf': This function or variable may be unsafe. Consider using scanf_s instead. To disable deprecation, use _CRT_SECURE_NO_WARNINGS. See online help for details.
C:\Users\dvlas\OneDrive - Atlantic TU\2nd Year\Procedural Programming 2\LabExam1\LabExam1\Source.cpp(206,7): warning C4996: 'fopen': This function or variable may be unsafe. Consider using fopen_s instead. To disable deprecation, use _CRT_SECURE_NO_WARNINGS. See online help for details.
  LabExam1.vcxproj -> C:\Users\dvlas\OneDrive - Atlantic TU\2nd Year\Procedural Programming 2\LabExam1\Debug\LabExam1.exe
